SF:lib/commands/add.dart
DA:9,0
DA:12,0
DA:15,0
DA:16,0
DA:17,0
DA:18,0
DA:19,0
DA:20,0
DA:21,0
DA:22,0
DA:23,0
DA:24,0
DA:25,0
DA:27,0
DA:28,0
DA:32,0
DA:35,0
LF:17
LH:0
end_of_record
SF:lib/commands/complete.dart
DA:7,0
DA:11,0
DA:13,0
DA:14,0
DA:16,0
DA:17,0
DA:18,0
DA:21,0
DA:22,0
DA:23,0
DA:26,0
DA:27,0
DA:28,0
DA:31,0
DA:34,0
LF:15
LH:0
end_of_record
SF:lib/commands/generate.dart
DA:12,0
DA:13,0
DA:21,0
DA:25,0
DA:27,0
DA:28,0
DA:30,0
DA:31,0
DA:35,0
DA:38,0
DA:41,0
DA:42,0
DA:43,0
DA:44,0
DA:46,0
DA:47,0
DA:48,0
DA:50,0
DA:51,0
LF:19
LH:0
end_of_record
SF:lib/commands/remove.dart
DA:8,0
DA:10,0
DA:12,0
DA:13,0
DA:16,0
DA:19,0
LF:6
LH:0
end_of_record
SF:lib/commands/show.dart
DA:9,0
DA:12,0
DA:15,0
DA:16,0
DA:17,0
DA:18,0
DA:19,0
DA:20,0
DA:22,0
DA:23,0
DA:27,0
DA:30,0
LF:12
LH:0
end_of_record
SF:lib/commands/todo_command_runner.dart
DA:9,0
DA:10,0
DA:11,0
DA:12,0
DA:13,0
DA:14,0
DA:15,0
DA:16,0
DA:21,0
DA:24,0
DA:25,0
DA:26,0
LF:12
LH:0
end_of_record
SF:lib/helpers/print_todos.dart
DA:6,0
DA:7,0
DA:8,0
DA:9,0
DA:10,0
DA:11,0
DA:14,0
DA:19,0
DA:21,0
DA:22,0
DA:26,0
DA:28,0
LF:12
LH:0
end_of_record
SF:lib/helpers/read_document.dart
DA:5,0
DA:6,0
DA:7,0
DA:8,0
LF:4
LH:0
end_of_record
SF:lib/helpers/save_document.dart
DA:5,0
DA:6,0
LF:2
LH:0
end_of_record
SF:lib/models/document.dart
DA:7,2
DA:17,5
DA:19,1
DA:20,1
DA:21,5
DA:22,1
DA:26,2
DA:28,1
DA:29,1
DA:30,5
DA:31,1
DA:35,3
DA:37,1
DA:38,2
DA:40,1
DA:44,1
DA:45,1
DA:46,1
DA:50,1
DA:51,3
DA:53,1
DA:56,1
DA:58,1
DA:59,2
DA:60,3
DA:63,1
DA:64,5
LF:27
LH:27
end_of_record
SF:lib/models/todo.dart
DA:4,4
DA:12,2
DA:13,2
DA:14,2
DA:15,2
DA:19,2
DA:20,2
DA:21,2
DA:22,2
DA:26,3
DA:28,3
DA:30,1
DA:34,1
DA:35,1
DA:36,1
DA:40,2
DA:41,6
DA:43,2
DA:47,2
DA:48,6
DA:49,6
DA:52,1
DA:53,5
LF:23
LH:23
end_of_record
